<?xml version="1.0" encoding="UTF-8"?>
<!-- Generated by org.testng.reporters.JUnitReportReporter -->
<testsuite hostname="DESKTOP-FGL9T5A" name="tests.BasePageTest" tests="1" failures="0" timestamp="15 Dec 2015 15:53:04 GMT" time="44.956" errors="0">
  <testcase name="CheckNavigationTitle" time="44.956" classname="tests.BasePageTest"/>
</testsuite> <!-- tests.BasePageTest -->
